[debug] [2021-12-26T00:32:25.740Z] ----------------------------------------------------------------------
[debug] [2021-12-26T00:32:25.742Z] Command:       C:\Program Files\nodejs\node.exe C:\Users\Manuel\AppData\Roaming\npm\node_modules\firebase-tools\lib\bin\firebase.js deploy
[debug] [2021-12-26T00:32:25.742Z] CLI Version:   10.0.1
[debug] [2021-12-26T00:32:25.742Z] Platform:      win32
[debug] [2021-12-26T00:32:25.743Z] Node Version:  v16.13.0
[debug] [2021-12-26T00:32:25.743Z] Time:          Sat Dec 25 2021 21:32:25 GMT-0300 (Argentina Standard Time)
[debug] [2021-12-26T00:32:25.743Z] ----------------------------------------------------------------------
[debug] 
[debug] [2021-12-26T00:32:25.794Z] > command requires scopes: ["email","openid","https://www.googleapis.com/auth/cloudplatformprojects.readonly","https://www.googleapis.com/auth/firebase","https://www.googleapis.com/auth/cloud-platform"]
[debug] [2021-12-26T00:32:25.794Z] > authorizing via signed-in user (manuelrmauro@gmail.com)
[debug] [2021-12-26T00:32:25.795Z] [iam] checking project manuelmauro-portfolio for permissions ["firebase.projects.get","firebasehosting.sites.update"]
[debug] [2021-12-26T00:32:25.797Z] >>> HTTP REQUEST POST https://cloudresourcemanager.googleapis.com/v1/projects/manuelmauro-portfolio:testIamPermissions  
 {"permissions":["firebase.projects.get","firebasehosting.sites.update"]}
[debug] [2021-12-26T00:32:25.826Z] [iam] error while checking permissions, command may fail: FirebaseError: Server Error. getaddrinfo ENOTFOUND cloudresourcemanager.googleapis.com
[debug] [2021-12-26T00:32:25.827Z] > refreshing access token with scopes: []
[debug] [2021-12-26T00:32:25.827Z] >>> HTTP REQUEST POST https://www.googleapis.com/oauth2/v3/token  
 <request body omitted>
[debug] [2021-12-26T00:32:36.952Z] Authentication Error: Your credentials are no longer valid. Please run firebase login --reauth

For CI servers and headless environments, generate a new token with firebase login:ci
[debug] [2021-12-26T00:32:48.534Z] FirebaseError: Authentication Error: Your credentials are no longer valid. Please run firebase login --reauth

For CI servers and headless environments, generate a new token with firebase login:ci
    at invalidCredentialError (C:\Users\Manuel\AppData\Roaming\npm\node_modules\firebase-tools\lib\auth.js:141:12)
    at refreshTokens (C:\Users\Manuel\AppData\Roaming\npm\node_modules\firebase-tools\lib\auth.js:448:15)
    at processTicksAndRejections (node:internal/process/task_queues:96:5)
    at async Client.getAccessToken (C:\Users\Manuel\AppData\Roaming\npm\node_modules\firebase-tools\lib\apiv2.js:146:23)
    at async Client.addAuthHeader (C:\Users\Manuel\AppData\Roaming\npm\node_modules\firebase-tools\lib\apiv2.js:137:21)
    at async Client.request (C:\Users\Manuel\AppData\Roaming\npm\node_modules\firebase-tools\lib\apiv2.js:93:34)
    at async Object.getFirebaseProject (C:\Users\Manuel\AppData\Roaming\npm\node_modules\firebase-tools\lib\management\projects.js:290:21)
    at async Object.getDefaultHostingSite (C:\Users\Manuel\AppData\Roaming\npm\node_modules\firebase-tools\lib\getDefaultHostingSite.js:8:21)
    at async requireHostingSite (C:\Users\Manuel\AppData\Roaming\npm\node_modules\firebase-tools\lib\requireHostingSite.js:9:18)
    at async Object.fn (C:\Users\Manuel\AppData\Roaming\npm\node_modules\firebase-tools\lib\commands\deploy.js:73:9)
    at async C:\Users\Manuel\AppData\Roaming\npm\node_modules\firebase-tools\lib\command.js:188:17
[error] 
[error] Error: Failed to get Firebase project manuelmauro-portfolio. Please make sure the project exists and your account has permission to access it.
[debug] [2021-12-26T00:33:44.344Z] ----------------------------------------------------------------------
[debug] [2021-12-26T00:33:44.346Z] Command:       C:\Program Files\nodejs\node.exe C:\Users\Manuel\AppData\Roaming\npm\node_modules\firebase-tools\lib\bin\firebase.js deploy
[debug] [2021-12-26T00:33:44.346Z] CLI Version:   10.0.1
[debug] [2021-12-26T00:33:44.347Z] Platform:      win32
[debug] [2021-12-26T00:33:44.348Z] Node Version:  v16.13.0
[debug] [2021-12-26T00:33:44.349Z] Time:          Sat Dec 25 2021 21:33:44 GMT-0300 (Argentina Standard Time)
[debug] [2021-12-26T00:33:44.349Z] ----------------------------------------------------------------------
[debug] 
[debug] [2021-12-26T00:33:44.407Z] > command requires scopes: ["email","openid","https://www.googleapis.com/auth/cloudplatformprojects.readonly","https://www.googleapis.com/auth/firebase","https://www.googleapis.com/auth/cloud-platform"]
[debug] [2021-12-26T00:33:44.408Z] > authorizing via signed-in user (manuelrmauro@gmail.com)
[debug] [2021-12-26T00:33:44.408Z] [iam] checking project manuelmauro-portfolio for permissions ["firebase.projects.get","firebasehosting.sites.update"]
[debug] [2021-12-26T00:33:44.410Z] >>> HTTP REQUEST POST https://cloudresourcemanager.googleapis.com/v1/projects/manuelmauro-portfolio:testIamPermissions  
 {"permissions":["firebase.projects.get","firebasehosting.sites.update"]}
[debug] [2021-12-26T00:33:48.343Z] <<< HTTP RESPONSE 200 {"content-type":"application/json; charset=UTF-8","vary":"X-Origin, Referer, Origin,Accept-Encoding","date":"Sun, 26 Dec 2021 00:33:50 GMT","server":"ESF","cache-control":"private","x-xss-protection":"0","x-frame-options":"SAMEORIGIN","x-content-type-options":"nosniff","server-timing":"gfet4t7; dur=750","alt-svc":"h3=\":443\"; ma=2592000,h3-29=\":443\"; ma=2592000,h3-Q050=\":443\"; ma=2592000,h3-Q046=\":443\"; ma=2592000,h3-Q043=\":443\"; ma=2592000,quic=\":443\"; ma=2592000; v=\"46,43\"","accept-ranges":"none","transfer-encoding":"chunked"}
[debug] [2021-12-26T00:33:48.348Z] > refreshing access token with scopes: []
[debug] [2021-12-26T00:33:48.349Z] >>> HTTP REQUEST POST https://www.googleapis.com/oauth2/v3/token  
 <request body omitted>
[debug] [2021-12-26T00:33:50.574Z] <<< HTTP RESPONSE 200 {"date":"Sun, 26 Dec 2021 00:33:52 GMT","cache-control":"no-cache, no-store, max-age=0, must-revalidate","expires":"Mon, 01 Jan 1990 00:00:00 GMT","pragma":"no-cache","content-type":"application/json; charset=utf-8","vary":"X-Origin, Referer, Origin,Accept-Encoding","server":"scaffolding on HTTPServer2","x-xss-protection":"0","x-frame-options":"SAMEORIGIN","x-content-type-options":"nosniff","alt-svc":"h3=\":443\"; ma=2592000,h3-29=\":443\"; ma=2592000,h3-Q050=\":443\"; ma=2592000,h3-Q046=\":443\"; ma=2592000,h3-Q043=\":443\"; ma=2592000,quic=\":443\"; ma=2592000; v=\"46,43\"","accept-ranges":"none","transfer-encoding":"chunked"}
[debug] [2021-12-26T00:33:50.594Z] >>> [apiv2][query] GET https://firebase.googleapis.com/v1beta1/projects/manuelmauro-portfolio [none]
